<html>
<head>
<title>TestNG:  Surefire test</title>
<link href="../testng.css" rel="stylesheet" type="text/css" />
<link href="../my-testng.css" rel="stylesheet" type="text/css" />

<style type="text/css">
.log { display: none;} 
.stack-trace { display: none;} 
</style>
<script type="text/javascript">
<!--
function flip(e) {
  current = e.style.display;
  if (current == 'block') {
    e.style.display = 'none';
    return 0;
  }
  else {
    e.style.display = 'block';
    return 1;
  }
}

function toggleBox(szDivId, elem, msg1, msg2)
{
  var res = -1;  if (document.getElementById) {
    res = flip(document.getElementById(szDivId));
  }
  else if (document.all) {
    // this is the way old msie versions work
    res = flip(document.all[szDivId]);
  }
  if(elem) {
    if(res == 0) elem.innerHTML = msg1; else elem.innerHTML = msg2;
  }

}

function toggleAllBoxes() {
  if (document.getElementsByTagName) {
    d = document.getElementsByTagName('div');
    for (i = 0; i < d.length; i++) {
      if (d[i].className == 'log') {
        flip(d[i]);
      }
    }
  }
}

// -->
</script>

</head>
<body>
<h2 align='center'>Surefire test</h2><table border='1' align="center">
<tr>
<td>Tests passed/Failed/Skipped:</td><td>10/2/0</td>
</tr><tr>
<td>Started on:</td><td>Mon Oct 28 17:02:32 PDT 2024</td>
</tr>
<tr><td>Total time:</td><td>303 seconds (303246 ms)</td>
</tr><tr>
<td>Included groups:</td><td></td>
</tr><tr>
<td>Excluded groups:</td><td></td>
</tr>
</table><p/>
<small><i>(Hover the method name to see the test class name)</i></small><p/>
<table width='100%' border='1' class='invocation-failed'>
<tr><td colspan='4' align='center'><b>FAILED TESTS</b></td></tr>
<tr><td><b>Test method</b></td>
<td><b>Attribute(s)</b></td>
<td width="30%"><b>Exception</b></td>
<td width="10%"><b>Time (seconds)</b></td>
<td><b>Instance</b></td>
</tr>
<tr>
<td title='pkgCucumber.TestNGTestRunner.runScenario()'><b>runScenario</b><br>Test class: pkgCucumber.TestNGTestRunner<br>Test method: Runs Cucumber Scenarios<br>Parameters: "Validate application home page UI components-top brands", "Validate different UI components in the UI of the home page"</td>
<td><div><pre>org.openqa.selenium.TimeoutException: Expected condition failed: waiting for visibility of element located by By.cssSelector: div#m-1689865380373&gt;div&gt;div:nth-child(2)&gt;button:nth-child(2) (tried for 3 second(s) with 500 milliseconds interval)
Build info: version: &apos;4.1.4&apos;, revision: &apos;535d840ee2&apos;
System info: host: &apos;DESKTOP-0IJD7UK&apos;, ip: &apos;10.0.0.64&apos;, os.name: &apos;Windows 10&apos;, os.arch: &apos;amd64&apos;, os.version: &apos;10.0&apos;, java.version: &apos;21.0.1&apos;
Driver info: org.openqa.selenium.chrome.ChromeDriver
Capabilities {acceptInsecureCerts: false, browserName: chrome, browserVersion: 114.0.5735.199, chrome: {chromedriverVersion: 114.0.5735.90 (386bc09e8f4f..., userDataDir: C:\Users\Abhi\AppData\Local...}, goog:chromeOptions: {debuggerAddress: localhost:58952}, javascriptEnabled: true, networkConnectionEnabled: false, pageLoadStrategy: normal, platform: WINDOWS, platformName: WINDOWS, proxy: Proxy(), se:cdp: ws://localhost:58952/devtoo..., se:cdpVersion: 114.0.5735.199, setWindowRect: true, strictFileInteractability: false, timeouts: {implicit: 0, pageLoad: 300000, script: 30000}, unhandledPromptBehavior: dismiss and notify, webauthn:extension:credBlob: true, webauthn:extension:largeBlob: true, webauthn:extension:minPinLength: true, webauthn:extension:prf: true, webauthn:virtualAuthenticators: true}
Session ID: 0e4fc8f96588b119049ea56ae552450a
	at org.openqa.selenium.support.ui.WebDriverWait.timeoutException(WebDriverWait.java:87)
	at org.openqa.selenium.support.ui.FluentWait.until(FluentWait.java:231)
	at pkgTest.ReusableComps.WebElementExplicitWait(ReusableComps.java:28)
	at pkgTest.Page_Objects_Home_Page.verify_top_brands(Page_Objects_Home_Page.java:304)
	at pkgStepDefinitions.Step_Defs.top_brands(Step_Defs.java:67)
	at ✽.top brands section should display new brands on clicking right arrow key in the section(file:///C:/Users/Abhi/Desktop/Selenium/Eclipse/Automation_FW/src/test/java/pkgCucumber/test_cases.feature:58)
</pre></div><a href='#' onClick='toggleBox("stack-trace843221108", this, "Click to show all stack frames", "Click to hide stack frames")'>Click to show all stack frames</a>
<div class='stack-trace' id='stack-trace843221108'><pre>org.openqa.selenium.TimeoutException: Expected condition failed: waiting for visibility of element located by By.cssSelector: div#m-1689865380373&gt;div&gt;div:nth-child(2)&gt;button:nth-child(2) (tried for 3 second(s) with 500 milliseconds interval)
Build info: version: &apos;4.1.4&apos;, revision: &apos;535d840ee2&apos;
System info: host: &apos;DESKTOP-0IJD7UK&apos;, ip: &apos;10.0.0.64&apos;, os.name: &apos;Windows 10&apos;, os.arch: &apos;amd64&apos;, os.version: &apos;10.0&apos;, java.version: &apos;21.0.1&apos;
Driver info: org.openqa.selenium.chrome.ChromeDriver
Capabilities {acceptInsecureCerts: false, browserName: chrome, browserVersion: 114.0.5735.199, chrome: {chromedriverVersion: 114.0.5735.90 (386bc09e8f4f..., userDataDir: C:\Users\Abhi\AppData\Local...}, goog:chromeOptions: {debuggerAddress: localhost:58952}, javascriptEnabled: true, networkConnectionEnabled: false, pageLoadStrategy: normal, platform: WINDOWS, platformName: WINDOWS, proxy: Proxy(), se:cdp: ws://localhost:58952/devtoo..., se:cdpVersion: 114.0.5735.199, setWindowRect: true, strictFileInteractability: false, timeouts: {implicit: 0, pageLoad: 300000, script: 30000}, unhandledPromptBehavior: dismiss and notify, webauthn:extension:credBlob: true, webauthn:extension:largeBlob: true, webauthn:extension:minPinLength: true, webauthn:extension:prf: true, webauthn:virtualAuthenticators: true}
Session ID: 0e4fc8f96588b119049ea56ae552450a
	at org.openqa.selenium.support.ui.WebDriverWait.timeoutException(WebDriverWait.java:87)
	at org.openqa.selenium.support.ui.FluentWait.until(FluentWait.java:231)
	at pkgTest.ReusableComps.WebElementExplicitWait(ReusableComps.java:28)
	at pkgTest.Page_Objects_Home_Page.verify_top_brands(Page_Objects_Home_Page.java:304)
	at pkgStepDefinitions.Step_Defs.top_brands(Step_Defs.java:67)
	at ✽.top brands section should display new brands on clicking right arrow key in the section(file:///C:/Users/Abhi/Desktop/Selenium/Eclipse/Automation_FW/src/test/java/pkgCucumber/test_cases.feature:58)
</pre></div></td>
<td>30</td>
<td>pkgCucumber.TestNGTestRunner@a9cd3b1</td></tr>
<tr>
<td title='pkgCucumber.TestNGTestRunner.runScenario()'><b>runScenario</b><br>Test class: pkgCucumber.TestNGTestRunner<br>Test method: Runs Cucumber Scenarios<br>Parameters: "Add item to Cart from product page", "Validate different UI components in the UI of the home page"</td>
<td><div><pre>org.openqa.selenium.TimeoutException: Expected condition failed: waiting for visibility of element located by By.cssSelector: div[aria-labelledby=&apos;ResourceList0&apos;]&gt;div:nth-child(2)&gt;div:nth-child(1)&gt;div&gt;div:nth-child(1)&gt;picture&gt;img (tried for 3 second(s) with 500 milliseconds interval)
Build info: version: &apos;4.1.4&apos;, revision: &apos;535d840ee2&apos;
System info: host: &apos;DESKTOP-0IJD7UK&apos;, ip: &apos;10.0.0.64&apos;, os.name: &apos;Windows 10&apos;, os.arch: &apos;amd64&apos;, os.version: &apos;10.0&apos;, java.version: &apos;21.0.1&apos;
Driver info: org.openqa.selenium.chrome.ChromeDriver
Capabilities {acceptInsecureCerts: false, browserName: chrome, browserVersion: 114.0.5735.199, chrome: {chromedriverVersion: 114.0.5735.90 (386bc09e8f4f..., userDataDir: C:\Users\Abhi\AppData\Local...}, goog:chromeOptions: {debuggerAddress: localhost:59424}, javascriptEnabled: true, networkConnectionEnabled: false, pageLoadStrategy: normal, platform: WINDOWS, platformName: WINDOWS, proxy: Proxy(), se:cdp: ws://localhost:59424/devtoo..., se:cdpVersion: 114.0.5735.199, setWindowRect: true, strictFileInteractability: false, timeouts: {implicit: 0, pageLoad: 300000, script: 30000}, unhandledPromptBehavior: dismiss and notify, webauthn:extension:credBlob: true, webauthn:extension:largeBlob: true, webauthn:extension:minPinLength: true, webauthn:extension:prf: true, webauthn:virtualAuthenticators: true}
Session ID: 8a82c545906ab28b4b4bf6559b06b7ef
	at org.openqa.selenium.support.ui.WebDriverWait.timeoutException(WebDriverWait.java:87)
	at org.openqa.selenium.support.ui.FluentWait.until(FluentWait.java:231)
	at pkgTest.ReusableComps.WebElementExplicitWait(ReusableComps.java:28)
	at pkgTest.Page_Objects_Checkout_Page.validate_item_image_thumbnail_displayed_checkout_page(Page_Objects_Checkout_Page.java:102)
	at pkgStepDefinitions.Step_Defs.checkout_page_image_thumbnail(Step_Defs.java:239)
	at ✽.Item thubnail image should be displayed(file:///C:/Users/Abhi/Desktop/Selenium/Eclipse/Automation_FW/src/test/java/pkgCucumber/test_cases.feature:154)
</pre></div><a href='#' onClick='toggleBox("stack-trace1801509276", this, "Click to show all stack frames", "Click to hide stack frames")'>Click to show all stack frames</a>
<div class='stack-trace' id='stack-trace1801509276'><pre>org.openqa.selenium.TimeoutException: Expected condition failed: waiting for visibility of element located by By.cssSelector: div[aria-labelledby=&apos;ResourceList0&apos;]&gt;div:nth-child(2)&gt;div:nth-child(1)&gt;div&gt;div:nth-child(1)&gt;picture&gt;img (tried for 3 second(s) with 500 milliseconds interval)
Build info: version: &apos;4.1.4&apos;, revision: &apos;535d840ee2&apos;
System info: host: &apos;DESKTOP-0IJD7UK&apos;, ip: &apos;10.0.0.64&apos;, os.name: &apos;Windows 10&apos;, os.arch: &apos;amd64&apos;, os.version: &apos;10.0&apos;, java.version: &apos;21.0.1&apos;
Driver info: org.openqa.selenium.chrome.ChromeDriver
Capabilities {acceptInsecureCerts: false, browserName: chrome, browserVersion: 114.0.5735.199, chrome: {chromedriverVersion: 114.0.5735.90 (386bc09e8f4f..., userDataDir: C:\Users\Abhi\AppData\Local...}, goog:chromeOptions: {debuggerAddress: localhost:59424}, javascriptEnabled: true, networkConnectionEnabled: false, pageLoadStrategy: normal, platform: WINDOWS, platformName: WINDOWS, proxy: Proxy(), se:cdp: ws://localhost:59424/devtoo..., se:cdpVersion: 114.0.5735.199, setWindowRect: true, strictFileInteractability: false, timeouts: {implicit: 0, pageLoad: 300000, script: 30000}, unhandledPromptBehavior: dismiss and notify, webauthn:extension:credBlob: true, webauthn:extension:largeBlob: true, webauthn:extension:minPinLength: true, webauthn:extension:prf: true, webauthn:virtualAuthenticators: true}
Session ID: 8a82c545906ab28b4b4bf6559b06b7ef
	at org.openqa.selenium.support.ui.WebDriverWait.timeoutException(WebDriverWait.java:87)
	at org.openqa.selenium.support.ui.FluentWait.until(FluentWait.java:231)
	at pkgTest.ReusableComps.WebElementExplicitWait(ReusableComps.java:28)
	at pkgTest.Page_Objects_Checkout_Page.validate_item_image_thumbnail_displayed_checkout_page(Page_Objects_Checkout_Page.java:102)
	at pkgStepDefinitions.Step_Defs.checkout_page_image_thumbnail(Step_Defs.java:239)
	at ✽.Item thubnail image should be displayed(file:///C:/Users/Abhi/Desktop/Selenium/Eclipse/Automation_FW/src/test/java/pkgCucumber/test_cases.feature:154)
</pre></div></td>
<td>46</td>
<td>pkgCucumber.TestNGTestRunner@a9cd3b1</td></tr>
</table><p>
<table width='100%' border='1' class='invocation-passed'>
<tr><td colspan='4' align='center'><b>PASSED TESTS</b></td></tr>
<tr><td><b>Test method</b></td>
<td><b>Attribute(s)</b></td>
<td width="30%"><b>Exception</b></td>
<td width="10%"><b>Time (seconds)</b></td>
<td><b>Instance</b></td>
</tr>
<tr>
<td title='pkgCucumber.TestNGTestRunner.runScenario()'><b>runScenario</b><br>Test class: pkgCucumber.TestNGTestRunner<br>Test method: Runs Cucumber Scenarios<br>Parameters: "Validate application home page UI components-reserve online message", "Validate different UI components in the UI of the home page"</td>
<td></td>
<td>13</td>
<td>pkgCucumber.TestNGTestRunner@a9cd3b1</td></tr>
<tr>
<td title='pkgCucumber.TestNGTestRunner.runScenario()'><b>runScenario</b><br>Test class: pkgCucumber.TestNGTestRunner<br>Test method: Runs Cucumber Scenarios<br>Parameters: "Validate application home page UI components-product details page", "Validate different UI components in the UI of the home page"</td>
<td></td>
<td>29</td>
<td>pkgCucumber.TestNGTestRunner@a9cd3b1</td></tr>
<tr>
<td title='pkgCucumber.TestNGTestRunner.runScenario()'><b>runScenario</b><br>Test class: pkgCucumber.TestNGTestRunner<br>Test method: Runs Cucumber Scenarios<br>Parameters: "Validate application home page UI components-find store banner", "Validate different UI components in the UI of the home page"</td>
<td></td>
<td>19</td>
<td>pkgCucumber.TestNGTestRunner@a9cd3b1</td></tr>
<tr>
<td title='pkgCucumber.TestNGTestRunner.runScenario()'><b>runScenario</b><br>Test class: pkgCucumber.TestNGTestRunner<br>Test method: Runs Cucumber Scenarios<br>Parameters: "Validate application home page UI components-logo displayed", "Validate different UI components in the UI of the home page"</td>
<td></td>
<td>13</td>
<td>pkgCucumber.TestNGTestRunner@a9cd3b1</td></tr>
<tr>
<td title='pkgCucumber.TestNGTestRunner.runScenario()'><b>runScenario</b><br>Test class: pkgCucumber.TestNGTestRunner<br>Test method: Runs Cucumber Scenarios<br>Parameters: "Validate application home page UI components-Make my store", "Validate different UI components in the UI of the home page"</td>
<td></td>
<td>29</td>
<td>pkgCucumber.TestNGTestRunner@a9cd3b1</td></tr>
<tr>
<td title='pkgCucumber.TestNGTestRunner.runScenario()'><b>runScenario</b><br>Test class: pkgCucumber.TestNGTestRunner<br>Test method: Runs Cucumber Scenarios<br>Parameters: "Validate application home page UI components-product details page", "Validate different UI components in the UI of the home page"</td>
<td></td>
<td>31</td>
<td>pkgCucumber.TestNGTestRunner@a9cd3b1</td></tr>
<tr>
<td title='pkgCucumber.TestNGTestRunner.runScenario()'><b>runScenario</b><br>Test class: pkgCucumber.TestNGTestRunner<br>Test method: Runs Cucumber Scenarios<br>Parameters: "Validate application home page UI components-hiring banner", "Validate different UI components in the UI of the home page"</td>
<td></td>
<td>20</td>
<td>pkgCucumber.TestNGTestRunner@a9cd3b1</td></tr>
<tr>
<td title='pkgCucumber.TestNGTestRunner.runScenario()'><b>runScenario</b><br>Test class: pkgCucumber.TestNGTestRunner<br>Test method: Runs Cucumber Scenarios<br>Parameters: "Validate that accessiblity icon is displayed when home page is scrolled", "Validate different UI components in the UI of the home page"</td>
<td></td>
<td>19</td>
<td>pkgCucumber.TestNGTestRunner@a9cd3b1</td></tr>
<tr>
<td title='pkgCucumber.TestNGTestRunner.runScenario()'><b>runScenario</b><br>Test class: pkgCucumber.TestNGTestRunner<br>Test method: Runs Cucumber Scenarios<br>Parameters: "Validate enable and disable state of browse parts button and click browse parts button after", "Validate different UI components in the UI of the home page"</td>
<td></td>
<td>33</td>
<td>pkgCucumber.TestNGTestRunner@a9cd3b1</td></tr>
<tr>
<td title='pkgCucumber.TestNGTestRunner.runScenario()'><b>runScenario</b><br>Test class: pkgCucumber.TestNGTestRunner<br>Test method: Runs Cucumber Scenarios<br>Parameters: "Validate application home page UI components-pop up closed", "Validate different UI components in the UI of the home page"</td>
<td></td>
<td>15</td>
<td>pkgCucumber.TestNGTestRunner@a9cd3b1</td></tr>
</table><p>
</body>
</html>