<html>
<head>
<title>TestNG:  Default test</title>
<link href="../testng.css" rel="stylesheet" type="text/css" />
<link href="../my-testng.css" rel="stylesheet" type="text/css" />

<style type="text/css">
.log { display: none;} 
.stack-trace { display: none;} 
</style>
<script type="text/javascript">
<!--
function flip(e) {
  current = e.style.display;
  if (current == 'block') {
    e.style.display = 'none';
    return 0;
  }
  else {
    e.style.display = 'block';
    return 1;
  }
}

function toggleBox(szDivId, elem, msg1, msg2)
{
  var res = -1;  if (document.getElementById) {
    res = flip(document.getElementById(szDivId));
  }
  else if (document.all) {
    // this is the way old msie versions work
    res = flip(document.all[szDivId]);
  }
  if(elem) {
    if(res == 0) elem.innerHTML = msg1; else elem.innerHTML = msg2;
  }

}

function toggleAllBoxes() {
  if (document.getElementsByTagName) {
    d = document.getElementsByTagName('div');
    for (i = 0; i < d.length; i++) {
      if (d[i].className == 'log') {
        flip(d[i]);
      }
    }
  }
}

// -->
</script>

</head>
<body>
<h2 align='center'>Default test</h2><table border='1' align="center">
<tr>
<td>Tests passed/Failed/Skipped:</td><td>7/4/0</td>
</tr><tr>
<td>Started on:</td><td>Tue May 21 15:08:27 PDT 2024</td>
</tr>
<tr><td>Total time:</td><td>302 seconds (302314 ms)</td>
</tr><tr>
<td>Included groups:</td><td></td>
</tr><tr>
<td>Excluded groups:</td><td></td>
</tr>
</table><p/>
<small><i>(Hover the method name to see the test class name)</i></small><p/>
<table width='100%' border='1' class='invocation-failed'>
<tr><td colspan='4' align='center'><b>FAILED TESTS</b></td></tr>
<tr><td><b>Test method</b></td>
<td><b>Attribute(s)</b></td>
<td width="30%"><b>Exception</b></td>
<td width="10%"><b>Time (seconds)</b></td>
<td><b>Instance</b></td>
</tr>
<tr>
<td title='pkgCucumber.TestNGTestRunner.runScenario()'><b>runScenario</b><br>Test class: pkgCucumber.TestNGTestRunner<br>Test method: Runs Cucumber Scenarios<br>Parameters: "Validate application home page UI components-product details page", "Validate different UI components in the UI of the home page"</td>
<td><div><pre>org.openqa.selenium.TimeoutException: Expected condition failed: waiting for visibility of element located by By.cssSelector: div#m-1635532295580&gt;div+div (tried for 3 second(s) with 500 milliseconds interval)
Build info: version: &apos;4.1.4&apos;, revision: &apos;535d840ee2&apos;
System info: host: &apos;DESKTOP-0IJD7UK&apos;, ip: &apos;10.0.0.24&apos;, os.name: &apos;Windows 10&apos;, os.arch: &apos;amd64&apos;, os.version: &apos;10.0&apos;, java.version: &apos;21.0.1&apos;
Driver info: org.openqa.selenium.chrome.ChromeDriver
Capabilities {acceptInsecureCerts: false, browserName: chrome, browserVersion: 114.0.5735.199, chrome: {chromedriverVersion: 114.0.5735.90 (386bc09e8f4f..., userDataDir: C:\Users\Abhi\AppData\Local...}, goog:chromeOptions: {debuggerAddress: localhost:62507}, javascriptEnabled: true, networkConnectionEnabled: false, pageLoadStrategy: normal, platform: WINDOWS, platformName: WINDOWS, proxy: Proxy(), se:cdp: ws://localhost:62507/devtoo..., se:cdpVersion: 114.0.5735.199, setWindowRect: true, strictFileInteractability: false, timeouts: {implicit: 0, pageLoad: 300000, script: 30000}, unhandledPromptBehavior: dismiss and notify, webauthn:extension:credBlob: true, webauthn:extension:largeBlob: true, webauthn:extension:minPinLength: true, webauthn:extension:prf: true, webauthn:virtualAuthenticators: true}
Session ID: 4d1f17796ccc9009be0a3c7e527cec31
	at org.openqa.selenium.support.ui.WebDriverWait.timeoutException(WebDriverWait.java:87)
	at org.openqa.selenium.support.ui.FluentWait.until(FluentWait.java:231)
	at pkgTest.ReusableComps.WebElementExplicitWait(ReusableComps.java:28)
	at pkgTest.Page_Objects_Home_Page.close_pop_up(Page_Objects_Home_Page.java:144)
	at pkgStepDefinitions.Step_Defs.close_pop_up(Step_Defs.java:42)
	at ?.I verify that pop-up is closed(file:///C:/Users/Abhi/Desktop/Selenium/Eclipse/Automation_FW/src/test/java/pkgCucumber/test_cases.feature:118)
</pre></div><a href='#' onClick='toggleBox("stack-trace1705512923", this, "Click to show all stack frames", "Click to hide stack frames")'>Click to show all stack frames</a>
<div class='stack-trace' id='stack-trace1705512923'><pre>org.openqa.selenium.TimeoutException: Expected condition failed: waiting for visibility of element located by By.cssSelector: div#m-1635532295580&gt;div+div (tried for 3 second(s) with 500 milliseconds interval)
Build info: version: &apos;4.1.4&apos;, revision: &apos;535d840ee2&apos;
System info: host: &apos;DESKTOP-0IJD7UK&apos;, ip: &apos;10.0.0.24&apos;, os.name: &apos;Windows 10&apos;, os.arch: &apos;amd64&apos;, os.version: &apos;10.0&apos;, java.version: &apos;21.0.1&apos;
Driver info: org.openqa.selenium.chrome.ChromeDriver
Capabilities {acceptInsecureCerts: false, browserName: chrome, browserVersion: 114.0.5735.199, chrome: {chromedriverVersion: 114.0.5735.90 (386bc09e8f4f..., userDataDir: C:\Users\Abhi\AppData\Local...}, goog:chromeOptions: {debuggerAddress: localhost:62507}, javascriptEnabled: true, networkConnectionEnabled: false, pageLoadStrategy: normal, platform: WINDOWS, platformName: WINDOWS, proxy: Proxy(), se:cdp: ws://localhost:62507/devtoo..., se:cdpVersion: 114.0.5735.199, setWindowRect: true, strictFileInteractability: false, timeouts: {implicit: 0, pageLoad: 300000, script: 30000}, unhandledPromptBehavior: dismiss and notify, webauthn:extension:credBlob: true, webauthn:extension:largeBlob: true, webauthn:extension:minPinLength: true, webauthn:extension:prf: true, webauthn:virtualAuthenticators: true}
Session ID: 4d1f17796ccc9009be0a3c7e527cec31
	at org.openqa.selenium.support.ui.WebDriverWait.timeoutException(WebDriverWait.java:87)
	at org.openqa.selenium.support.ui.FluentWait.until(FluentWait.java:231)
	at pkgTest.ReusableComps.WebElementExplicitWait(ReusableComps.java:28)
	at pkgTest.Page_Objects_Home_Page.close_pop_up(Page_Objects_Home_Page.java:144)
	at pkgStepDefinitions.Step_Defs.close_pop_up(Step_Defs.java:42)
	at ?.I verify that pop-up is closed(file:///C:/Users/Abhi/Desktop/Selenium/Eclipse/Automation_FW/src/test/java/pkgCucumber/test_cases.feature:118)
</pre></div></td>
<td>20</td>
<td>pkgCucumber.TestNGTestRunner@6a2f6f80</td></tr>
<tr>
<td title='pkgCucumber.TestNGTestRunner.runScenario()'><b>runScenario</b><br>Test class: pkgCucumber.TestNGTestRunner<br>Test method: Runs Cucumber Scenarios<br>Parameters: "Add item to Cart from product page", "Validate different UI components in the UI of the home page"</td>
<td><div><pre>org.openqa.selenium.TimeoutException: Expected condition failed: waiting for visibility of element located by By.cssSelector: div#m-1635532295580&gt;div+div (tried for 3 second(s) with 500 milliseconds interval)
Build info: version: &apos;4.1.4&apos;, revision: &apos;535d840ee2&apos;
System info: host: &apos;DESKTOP-0IJD7UK&apos;, ip: &apos;10.0.0.24&apos;, os.name: &apos;Windows 10&apos;, os.arch: &apos;amd64&apos;, os.version: &apos;10.0&apos;, java.version: &apos;21.0.1&apos;
Driver info: org.openqa.selenium.chrome.ChromeDriver
Capabilities {acceptInsecureCerts: false, browserName: chrome, browserVersion: 114.0.5735.199, chrome: {chromedriverVersion: 114.0.5735.90 (386bc09e8f4f..., userDataDir: C:\Users\Abhi\AppData\Local...}, goog:chromeOptions: {debuggerAddress: localhost:62594}, javascriptEnabled: true, networkConnectionEnabled: false, pageLoadStrategy: normal, platform: WINDOWS, platformName: WINDOWS, proxy: Proxy(), se:cdp: ws://localhost:62594/devtoo..., se:cdpVersion: 114.0.5735.199, setWindowRect: true, strictFileInteractability: false, timeouts: {implicit: 0, pageLoad: 300000, script: 30000}, unhandledPromptBehavior: dismiss and notify, webauthn:extension:credBlob: true, webauthn:extension:largeBlob: true, webauthn:extension:minPinLength: true, webauthn:extension:prf: true, webauthn:virtualAuthenticators: true}
Session ID: 4f4a2762eb517b3910b75b8b91a50520
	at org.openqa.selenium.support.ui.WebDriverWait.timeoutException(WebDriverWait.java:87)
	at org.openqa.selenium.support.ui.FluentWait.until(FluentWait.java:231)
	at pkgTest.ReusableComps.WebElementExplicitWait(ReusableComps.java:28)
	at pkgTest.Page_Objects_Home_Page.close_pop_up(Page_Objects_Home_Page.java:144)
	at pkgStepDefinitions.Step_Defs.close_pop_up(Step_Defs.java:42)
	at ?.I verify that pop-up is closed(file:///C:/Users/Abhi/Desktop/Selenium/Eclipse/Automation_FW/src/test/java/pkgCucumber/test_cases.feature:136)
</pre></div><a href='#' onClick='toggleBox("stack-trace302241671", this, "Click to show all stack frames", "Click to hide stack frames")'>Click to show all stack frames</a>
<div class='stack-trace' id='stack-trace302241671'><pre>org.openqa.selenium.TimeoutException: Expected condition failed: waiting for visibility of element located by By.cssSelector: div#m-1635532295580&gt;div+div (tried for 3 second(s) with 500 milliseconds interval)
Build info: version: &apos;4.1.4&apos;, revision: &apos;535d840ee2&apos;
System info: host: &apos;DESKTOP-0IJD7UK&apos;, ip: &apos;10.0.0.24&apos;, os.name: &apos;Windows 10&apos;, os.arch: &apos;amd64&apos;, os.version: &apos;10.0&apos;, java.version: &apos;21.0.1&apos;
Driver info: org.openqa.selenium.chrome.ChromeDriver
Capabilities {acceptInsecureCerts: false, browserName: chrome, browserVersion: 114.0.5735.199, chrome: {chromedriverVersion: 114.0.5735.90 (386bc09e8f4f..., userDataDir: C:\Users\Abhi\AppData\Local...}, goog:chromeOptions: {debuggerAddress: localhost:62594}, javascriptEnabled: true, networkConnectionEnabled: false, pageLoadStrategy: normal, platform: WINDOWS, platformName: WINDOWS, proxy: Proxy(), se:cdp: ws://localhost:62594/devtoo..., se:cdpVersion: 114.0.5735.199, setWindowRect: true, strictFileInteractability: false, timeouts: {implicit: 0, pageLoad: 300000, script: 30000}, unhandledPromptBehavior: dismiss and notify, webauthn:extension:credBlob: true, webauthn:extension:largeBlob: true, webauthn:extension:minPinLength: true, webauthn:extension:prf: true, webauthn:virtualAuthenticators: true}
Session ID: 4f4a2762eb517b3910b75b8b91a50520
	at org.openqa.selenium.support.ui.WebDriverWait.timeoutException(WebDriverWait.java:87)
	at org.openqa.selenium.support.ui.FluentWait.until(FluentWait.java:231)
	at pkgTest.ReusableComps.WebElementExplicitWait(ReusableComps.java:28)
	at pkgTest.Page_Objects_Home_Page.close_pop_up(Page_Objects_Home_Page.java:144)
	at pkgStepDefinitions.Step_Defs.close_pop_up(Step_Defs.java:42)
	at ?.I verify that pop-up is closed(file:///C:/Users/Abhi/Desktop/Selenium/Eclipse/Automation_FW/src/test/java/pkgCucumber/test_cases.feature:136)
</pre></div></td>
<td>16</td>
<td>pkgCucumber.TestNGTestRunner@6a2f6f80</td></tr>
<tr>
<td title='pkgCucumber.TestNGTestRunner.runScenario()'><b>runScenario</b><br>Test class: pkgCucumber.TestNGTestRunner<br>Test method: Runs Cucumber Scenarios<br>Parameters: "Validate enable and disable state of browse parts button and click browse parts button after", "Validate different UI components in the UI of the home page"</td>
<td><div><pre>org.openqa.selenium.NoSuchElementException: Cannot locate option with text: Camry
For documentation on this error, please visit: https://selenium.dev/exceptions/#no_such_element
Build info: version: &apos;4.1.4&apos;, revision: &apos;535d840ee2&apos;
System info: host: &apos;DESKTOP-0IJD7UK&apos;, ip: &apos;10.0.0.24&apos;, os.name: &apos;Windows 10&apos;, os.arch: &apos;amd64&apos;, os.version: &apos;10.0&apos;, java.version: &apos;21.0.1&apos;
Driver info: driver.version: unknown
	at org.openqa.selenium.support.ui.Select.selectByVisibleText(Select.java:151)
	at pkgTest.Page_Objects_Home_Page.select_vehicle_model(Page_Objects_Home_Page.java:352)
	at pkgStepDefinitions.Step_Defs.select_model(Step_Defs.java:97)
	at ?.I select vehicle model Camry(file:///C:/Users/Abhi/Desktop/Selenium/Eclipse/Automation_FW/src/test/java/pkgCucumber/test_cases.feature:98)
</pre></div><a href='#' onClick='toggleBox("stack-trace221033168", this, "Click to show all stack frames", "Click to hide stack frames")'>Click to show all stack frames</a>
<div class='stack-trace' id='stack-trace221033168'><pre>org.openqa.selenium.NoSuchElementException: Cannot locate option with text: Camry
For documentation on this error, please visit: https://selenium.dev/exceptions/#no_such_element
Build info: version: &apos;4.1.4&apos;, revision: &apos;535d840ee2&apos;
System info: host: &apos;DESKTOP-0IJD7UK&apos;, ip: &apos;10.0.0.24&apos;, os.name: &apos;Windows 10&apos;, os.arch: &apos;amd64&apos;, os.version: &apos;10.0&apos;, java.version: &apos;21.0.1&apos;
Driver info: driver.version: unknown
	at org.openqa.selenium.support.ui.Select.selectByVisibleText(Select.java:151)
	at pkgTest.Page_Objects_Home_Page.select_vehicle_model(Page_Objects_Home_Page.java:352)
	at pkgStepDefinitions.Step_Defs.select_model(Step_Defs.java:97)
	at ?.I select vehicle model Camry(file:///C:/Users/Abhi/Desktop/Selenium/Eclipse/Automation_FW/src/test/java/pkgCucumber/test_cases.feature:98)
</pre></div></td>
<td>26</td>
<td>pkgCucumber.TestNGTestRunner@6a2f6f80</td></tr>
<tr>
<td title='pkgCucumber.TestNGTestRunner.runScenario()'><b>runScenario</b><br>Test class: pkgCucumber.TestNGTestRunner<br>Test method: Runs Cucumber Scenarios<br>Parameters: "Validate application home page UI components-top brands", "Validate different UI components in the UI of the home page"</td>
<td><div><pre>org.openqa.selenium.TimeoutException: Expected condition failed: waiting for visibility of element located by By.cssSelector: div#m-1635532295580&gt;div+div (tried for 3 second(s) with 500 milliseconds interval)
Build info: version: &apos;4.1.4&apos;, revision: &apos;535d840ee2&apos;
System info: host: &apos;DESKTOP-0IJD7UK&apos;, ip: &apos;10.0.0.24&apos;, os.name: &apos;Windows 10&apos;, os.arch: &apos;amd64&apos;, os.version: &apos;10.0&apos;, java.version: &apos;21.0.1&apos;
Driver info: org.openqa.selenium.chrome.ChromeDriver
Capabilities {acceptInsecureCerts: false, browserName: chrome, browserVersion: 114.0.5735.199, chrome: {chromedriverVersion: 114.0.5735.90 (386bc09e8f4f..., userDataDir: C:\Users\Abhi\AppData\Local...}, goog:chromeOptions: {debuggerAddress: localhost:62031}, javascriptEnabled: true, networkConnectionEnabled: false, pageLoadStrategy: normal, platform: WINDOWS, platformName: WINDOWS, proxy: Proxy(), se:cdp: ws://localhost:62031/devtoo..., se:cdpVersion: 114.0.5735.199, setWindowRect: true, strictFileInteractability: false, timeouts: {implicit: 0, pageLoad: 300000, script: 30000}, unhandledPromptBehavior: dismiss and notify, webauthn:extension:credBlob: true, webauthn:extension:largeBlob: true, webauthn:extension:minPinLength: true, webauthn:extension:prf: true, webauthn:virtualAuthenticators: true}
Session ID: fbf70622239b3398a89707b1acc27a8b
	at org.openqa.selenium.support.ui.WebDriverWait.timeoutException(WebDriverWait.java:87)
	at org.openqa.selenium.support.ui.FluentWait.until(FluentWait.java:231)
	at pkgTest.ReusableComps.WebElementExplicitWait(ReusableComps.java:28)
	at pkgTest.Page_Objects_Home_Page.close_pop_up(Page_Objects_Home_Page.java:144)
	at pkgStepDefinitions.Step_Defs.close_pop_up(Step_Defs.java:42)
	at ?.I verify that pop-up is closed(file:///C:/Users/Abhi/Desktop/Selenium/Eclipse/Automation_FW/src/test/java/pkgCucumber/test_cases.feature:57)
</pre></div><a href='#' onClick='toggleBox("stack-trace959923849", this, "Click to show all stack frames", "Click to hide stack frames")'>Click to show all stack frames</a>
<div class='stack-trace' id='stack-trace959923849'><pre>org.openqa.selenium.TimeoutException: Expected condition failed: waiting for visibility of element located by By.cssSelector: div#m-1635532295580&gt;div+div (tried for 3 second(s) with 500 milliseconds interval)
Build info: version: &apos;4.1.4&apos;, revision: &apos;535d840ee2&apos;
System info: host: &apos;DESKTOP-0IJD7UK&apos;, ip: &apos;10.0.0.24&apos;, os.name: &apos;Windows 10&apos;, os.arch: &apos;amd64&apos;, os.version: &apos;10.0&apos;, java.version: &apos;21.0.1&apos;
Driver info: org.openqa.selenium.chrome.ChromeDriver
Capabilities {acceptInsecureCerts: false, browserName: chrome, browserVersion: 114.0.5735.199, chrome: {chromedriverVersion: 114.0.5735.90 (386bc09e8f4f..., userDataDir: C:\Users\Abhi\AppData\Local...}, goog:chromeOptions: {debuggerAddress: localhost:62031}, javascriptEnabled: true, networkConnectionEnabled: false, pageLoadStrategy: normal, platform: WINDOWS, platformName: WINDOWS, proxy: Proxy(), se:cdp: ws://localhost:62031/devtoo..., se:cdpVersion: 114.0.5735.199, setWindowRect: true, strictFileInteractability: false, timeouts: {implicit: 0, pageLoad: 300000, script: 30000}, unhandledPromptBehavior: dismiss and notify, webauthn:extension:credBlob: true, webauthn:extension:largeBlob: true, webauthn:extension:minPinLength: true, webauthn:extension:prf: true, webauthn:virtualAuthenticators: true}
Session ID: fbf70622239b3398a89707b1acc27a8b
	at org.openqa.selenium.support.ui.WebDriverWait.timeoutException(WebDriverWait.java:87)
	at org.openqa.selenium.support.ui.FluentWait.until(FluentWait.java:231)
	at pkgTest.ReusableComps.WebElementExplicitWait(ReusableComps.java:28)
	at pkgTest.Page_Objects_Home_Page.close_pop_up(Page_Objects_Home_Page.java:144)
	at pkgStepDefinitions.Step_Defs.close_pop_up(Step_Defs.java:42)
	at ?.I verify that pop-up is closed(file:///C:/Users/Abhi/Desktop/Selenium/Eclipse/Automation_FW/src/test/java/pkgCucumber/test_cases.feature:57)
</pre></div></td>
<td>50</td>
<td>pkgCucumber.TestNGTestRunner@6a2f6f80</td></tr>
</table><p>
<table width='100%' border='1' class='invocation-passed'>
<tr><td colspan='4' align='center'><b>PASSED TESTS</b></td></tr>
<tr><td><b>Test method</b></td>
<td><b>Attribute(s)</b></td>
<td width="30%"><b>Exception</b></td>
<td width="10%"><b>Time (seconds)</b></td>
<td><b>Instance</b></td>
</tr>
<tr>
<td title='pkgCucumber.TestNGTestRunner.runScenario()'><b>runScenario</b><br>Test class: pkgCucumber.TestNGTestRunner<br>Test method: Runs Cucumber Scenarios<br>Parameters: "Validate application home page UI components-pop up closed", "Validate different UI components in the UI of the home page"</td>
<td></td>
<td>30</td>
<td>pkgCucumber.TestNGTestRunner@6a2f6f80</td></tr>
<tr>
<td title='pkgCucumber.TestNGTestRunner.runScenario()'><b>runScenario</b><br>Test class: pkgCucumber.TestNGTestRunner<br>Test method: Runs Cucumber Scenarios<br>Parameters: "Validate application home page UI components-logo displayed", "Validate different UI components in the UI of the home page"</td>
<td></td>
<td>14</td>
<td>pkgCucumber.TestNGTestRunner@6a2f6f80</td></tr>
<tr>
<td title='pkgCucumber.TestNGTestRunner.runScenario()'><b>runScenario</b><br>Test class: pkgCucumber.TestNGTestRunner<br>Test method: Runs Cucumber Scenarios<br>Parameters: "Validate application home page UI components-Make my store", "Validate different UI components in the UI of the home page"</td>
<td></td>
<td>39</td>
<td>pkgCucumber.TestNGTestRunner@6a2f6f80</td></tr>
<tr>
<td title='pkgCucumber.TestNGTestRunner.runScenario()'><b>runScenario</b><br>Test class: pkgCucumber.TestNGTestRunner<br>Test method: Runs Cucumber Scenarios<br>Parameters: "Validate application home page UI components-hiring banner", "Validate different UI components in the UI of the home page"</td>
<td></td>
<td>29</td>
<td>pkgCucumber.TestNGTestRunner@6a2f6f80</td></tr>
<tr>
<td title='pkgCucumber.TestNGTestRunner.runScenario()'><b>runScenario</b><br>Test class: pkgCucumber.TestNGTestRunner<br>Test method: Runs Cucumber Scenarios<br>Parameters: "Validate application home page UI components-product details page", "Validate different UI components in the UI of the home page"</td>
<td></td>
<td>39</td>
<td>pkgCucumber.TestNGTestRunner@6a2f6f80</td></tr>
<tr>
<td title='pkgCucumber.TestNGTestRunner.runScenario()'><b>runScenario</b><br>Test class: pkgCucumber.TestNGTestRunner<br>Test method: Runs Cucumber Scenarios<br>Parameters: "Validate application home page UI components-reserve online message", "Validate different UI components in the UI of the home page"</td>
<td></td>
<td>15</td>
<td>pkgCucumber.TestNGTestRunner@6a2f6f80</td></tr>
<tr>
<td title='pkgCucumber.TestNGTestRunner.runScenario()'><b>runScenario</b><br>Test class: pkgCucumber.TestNGTestRunner<br>Test method: Runs Cucumber Scenarios<br>Parameters: "Validate application home page UI components-find store banner", "Validate different UI components in the UI of the home page"</td>
<td></td>
<td>16</td>
<td>pkgCucumber.TestNGTestRunner@6a2f6f80</td></tr>
</table><p>
</body>
</html>