<?xml version="1.0" encoding="UTF-8"?>
<!-- Generated by org.testng.reporters.JUnitReportReporter -->
<testsuite hostname="DESKTOP-0IJD7UK" failures="0" tests="11" name="pkgCucumber.TestNGTestRunner" time="268.381" errors="1" timestamp="2024-05-20T17:56:21 PDT" skipped="0">
  <testcase classname="pkgCucumber.TestNGTestRunner" name="runScenario" time="56.005"/>
  <testcase classname="pkgCucumber.TestNGTestRunner" name="runScenario" time="15.675"/>
  <testcase classname="pkgCucumber.TestNGTestRunner" name="runScenario" time="12.896"/>
  <testcase classname="pkgCucumber.TestNGTestRunner" name="runScenario" time="16.031"/>
  <testcase classname="pkgCucumber.TestNGTestRunner" name="runScenario" time="28.174"/>
  <testcase classname="pkgCucumber.TestNGTestRunner" name="runScenario" time="13.172">
    <error message="Cannot locate option with text: Camry
For documentation on this error, please visit: https://selenium.dev/exceptions/#no_such_element
Build info: version: &#039;4.1.4&#039;, revision: &#039;535d840ee2&#039;
System info: host: &#039;DESKTOP-0IJD7UK&#039;, ip: &#039;10.0.0.24&#039;, os.name: &#039;Windows 10&#039;, os.arch: &#039;amd64&#039;, os.version: &#039;10.0&#039;, java.version: &#039;21.0.1&#039;
Driver info: driver.version: unknown" type="org.openqa.selenium.NoSuchElementException">
      <![CDATA[org.openqa.selenium.NoSuchElementException: Cannot locate option with text: Camry
For documentation on this error, please visit: https://selenium.dev/exceptions/#no_such_element
Build info: version: '4.1.4', revision: '535d840ee2'
System info: host: 'DESKTOP-0IJD7UK', ip: '10.0.0.24', os.name: 'Windows 10', os.arch: 'amd64', os.version: '10.0', java.version: '21.0.1'
Driver info: driver.version: unknown
at org.openqa.selenium.support.ui.Select.selectByVisibleText(Select.java:151)
at pkgTest.Page_Objects_Home_Page.select_vehicle_model(Page_Objects_Home_Page.java:352)
at pkgStepDefinitions.Step_Defs.select_model(Step_Defs.java:97)
at âœ½.I select vehicle model Camry(file:///C:/Users/Abhi/Desktop/Selenium/Eclipse/Automation_FW/src/test/java/pkgCucumber/test_cases.feature:98)
]]>
    </error>
  </testcase> <!-- runScenario -->
  <testcase classname="pkgCucumber.TestNGTestRunner" name="runScenario" time="12.446"/>
  <testcase classname="pkgCucumber.TestNGTestRunner" name="runScenario" time="25.629"/>
  <testcase classname="pkgCucumber.TestNGTestRunner" name="runScenario" time="40.603"/>
  <testcase classname="pkgCucumber.TestNGTestRunner" name="runScenario" time="12.966"/>
  <testcase classname="pkgCucumber.TestNGTestRunner" name="runScenario" time="34.784"/>
</testsuite> <!-- pkgCucumber.TestNGTestRunner -->
