<?xml version="1.0" encoding="UTF-8"?>
<!-- Generated by org.testng.reporters.JUnitReportReporter -->
<testsuite hostname="DESKTOP-0IJD7UK" failures="0" tests="11" name="pkgCucumber.TestNGTestRunner" time="269.254" errors="1" timestamp="2024-05-22T12:39:59 PDT" skipped="0">
  <testcase classname="pkgCucumber.TestNGTestRunner" name="runScenario" time="17.292"/>
  <system-out/>
  <testcase classname="pkgCucumber.TestNGTestRunner" name="runScenario" time="30.349"/>
  <system-out/>
  <testcase classname="pkgCucumber.TestNGTestRunner" name="runScenario" time="27.485"/>
  <system-out/>
  <testcase classname="pkgCucumber.TestNGTestRunner" name="runScenario" time="14.552"/>
  <system-out/>
  <testcase classname="pkgCucumber.TestNGTestRunner" name="runScenario" time="38.102">
    <error message="Expected condition failed: waiting for visibility of element located by By.cssSelector: body &gt; section &gt; div &gt; div &gt; div.atc-banner--product &gt; h2&gt;span&gt;svg (tried for 3 second(s) with 500 milliseconds interval)
Build info: version: &#039;4.1.4&#039;, revision: &#039;535d840ee2&#039;
System info: host: &#039;DESKTOP-0IJD7UK&#039;, ip: &#039;10.0.0.24&#039;, os.name: &#039;Windows 10&#039;, os.arch: &#039;amd64&#039;, os.version: &#039;10.0&#039;, java.version: &#039;21.0.1&#039;
Driver info: org.openqa.selenium.chrome.ChromeDriver
Capabilities {acceptInsecureCerts: false, browserName: chrome, browserVersion: 114.0.5735.199, chrome: {chromedriverVersion: 114.0.5735.90 (386bc09e8f4f..., userDataDir: C:\Users\Abhi\AppData\Local...}, goog:chromeOptions: {debuggerAddress: localhost:61477}, javascriptEnabled: true, networkConnectionEnabled: false, pageLoadStrategy: normal, platform: WINDOWS, platformName: WINDOWS, proxy: Proxy(), se:cdp: ws://localhost:61477/devtoo..., se:cdpVersion: 114.0.5735.199, setWindowRect: true, strictFileInteractability: false, timeouts: {implicit: 0, pageLoad: 300000, script: 30000}, unhandledPromptBehavior: dismiss and notify, webauthn:extension:credBlob: true, webauthn:extension:largeBlob: true, webauthn:extension:minPinLength: true, webauthn:extension:prf: true, webauthn:virtualAuthenticators: true}
Session ID: 3b8bf6e1b408957273994ebf20a4a1f8" type="org.openqa.selenium.TimeoutException">
      <![CDATA[org.openqa.selenium.TimeoutException: Expected condition failed: waiting for visibility of element located by By.cssSelector: body > section > div > div > div.atc-banner--product > h2>span>svg (tried for 3 second(s) with 500 milliseconds interval)
Build info: version: '4.1.4', revision: '535d840ee2'
System info: host: 'DESKTOP-0IJD7UK', ip: '10.0.0.24', os.name: 'Windows 10', os.arch: 'amd64', os.version: '10.0', java.version: '21.0.1'
Driver info: org.openqa.selenium.chrome.ChromeDriver
Capabilities {acceptInsecureCerts: false, browserName: chrome, browserVersion: 114.0.5735.199, chrome: {chromedriverVersion: 114.0.5735.90 (386bc09e8f4f..., userDataDir: C:\Users\Abhi\AppData\Local...}, goog:chromeOptions: {debuggerAddress: localhost:61477}, javascriptEnabled: true, networkConnectionEnabled: false, pageLoadStrategy: normal, platform: WINDOWS, platformName: WINDOWS, proxy: Proxy(), se:cdp: ws://localhost:61477/devtoo..., se:cdpVersion: 114.0.5735.199, setWindowRect: true, strictFileInteractability: false, timeouts: {implicit: 0, pageLoad: 300000, script: 30000}, unhandledPromptBehavior: dismiss and notify, webauthn:extension:credBlob: true, webauthn:extension:largeBlob: true, webauthn:extension:minPinLength: true, webauthn:extension:prf: true, webauthn:virtualAuthenticators: true}
Session ID: 3b8bf6e1b408957273994ebf20a4a1f8
at org.openqa.selenium.support.ui.WebDriverWait.timeoutException(WebDriverWait.java:87)
at org.openqa.selenium.support.ui.FluentWait.until(FluentWait.java:231)
at pkgTest.ReusableComps.WebElementExplicitWait(ReusableComps.java:28)
at pkgTest.Page_Objects_Product_Details_Page.validate_added_to_cart_header(Page_Objects_Product_Details_Page.java:119)
at pkgStepDefinitions.Step_Defs.added_to_cart_banner_displayed(Step_Defs.java:183)
at âœ½.Added to your Cart header should be displayed(file:///C:/Users/Abhi/Desktop/Selenium/Eclipse/Automation_FW/src/test/java/pkgCucumber/test_cases.feature:144)
]]>
    </error>
  </testcase> <!-- runScenario -->
  <system-out/>
  <testcase classname="pkgCucumber.TestNGTestRunner" name="runScenario" time="25.741"/>
  <system-out/>
  <testcase classname="pkgCucumber.TestNGTestRunner" name="runScenario" time="12.718"/>
  <system-out/>
  <testcase classname="pkgCucumber.TestNGTestRunner" name="runScenario" time="40.016"/>
  <system-out/>
  <testcase classname="pkgCucumber.TestNGTestRunner" name="runScenario" time="22.709"/>
  <system-out/>
  <testcase classname="pkgCucumber.TestNGTestRunner" name="runScenario" time="24.316"/>
  <system-out/>
  <testcase classname="pkgCucumber.TestNGTestRunner" name="runScenario" time="15.974"/>
  <system-out/>
</testsuite> <!-- pkgCucumber.TestNGTestRunner -->
